<?xml version="1.0" encoding="UTF-8"?>
<!-- Generated by org.testng.reporters.JUnitReportReporter -->
<testsuite hostname="DESKTOP-MTJKFP8" failures="0" tests="1" name="pkg1.UiTestCases" time="1.335" errors="0" timestamp="2023-07-15T10:57:05 IST" skipped="0">
  <testcase classname="pkg1.UiTestCases" name="userCanApply" time="1.335"/>
  <system-out/>
</testsuite> <!-- pkg1.UiTestCases -->
